This is pdfTeX, Version 3.14159265-2.6-1.40.15 (TeX Live 2014) (preloaded format=pdflatex 2014.5.25)  9 JUL 2015 18:37
entering extended mode
 restricted \write18 enabled.
 %&-line parsing enabled.
**Diabetic_Retinopathy.tex
(./Diabetic_Retinopathy.tex
LaTeX2e <2014/05/01>
Babel <3.9k> and hyphenation patterns for 78 languages loaded.
(/usr/local/texlive/2014/texmf-dist/tex/latex/base/article.cls
Document Class: article 2007/10/19 v1.4h Standard LaTeX document class
(/usr/local/texlive/2014/texmf-dist/tex/latex/base/size12.clo
File: size12.clo 2007/10/19 v1.4h Standard LaTeX file (size option)
)
\c@part=\count79
\c@section=\count80
\c@subsection=\count81
\c@subsubsection=\count82
\c@paragraph=\count83
\c@subparagraph=\count84
\c@figure=\count85
\c@table=\count86
\abovecaptionskip=\skip41
\belowcaptionskip=\skip42
\bibindent=\dimen102
)
(/usr/local/texlive/2014/texmf-dist/tex/latex/preprint/fullpage.sty
Package: fullpage 1999/02/23 1.1 (PWD)
\FP@margin=\skip43
)
(/usr/local/texlive/2014/texmf-dist/tex/latex/fancyvrb/fancyvrb.sty
Package: fancyvrb 2008/02/07

Style option: `fancyvrb' v2.7a, with DG/SPQR fixes, and firstline=lastline fix 
<2008/02/07> (tvz)
(/usr/local/texlive/2014/texmf-dist/tex/latex/graphics/keyval.sty
Package: keyval 2014/05/08 v1.15 key=value parser (DPC)
\KV@toks@=\toks14
)
\FV@CodeLineNo=\count87
\FV@InFile=\read1
\FV@TabBox=\box26
\c@FancyVerbLine=\count88
\FV@StepNumber=\count89
\FV@OutFile=\write3
)
(/usr/local/texlive/2014/texmf-dist/tex/latex/fancyhdr/fancyhdr.sty
\fancy@headwidth=\skip44
\f@ncyO@elh=\skip45
\f@ncyO@erh=\skip46
\f@ncyO@olh=\skip47
\f@ncyO@orh=\skip48
\f@ncyO@elf=\skip49
\f@ncyO@erf=\skip50
\f@ncyO@olf=\skip51
\f@ncyO@orf=\skip52
)
(/usr/local/texlive/2014/texmf-dist/tex/latex/amsfonts/amsfonts.sty
Package: amsfonts 2013/01/14 v3.01 Basic AMSFonts support
\@emptytoks=\toks15
\symAMSa=\mathgroup4
\symAMSb=\mathgroup5
LaTeX Font Info:    Overwriting math alphabet `\mathfrak' in version `bold'
(Font)                  U/euf/m/n --> U/euf/b/n on input line 106.
)
(/usr/local/texlive/2014/texmf-dist/tex/latex/tools/array.sty
Package: array 2008/09/09 v2.4c Tabular extension package (FMi)
\col@sep=\dimen103
\extrarowheight=\dimen104
\NC@list=\toks16
\extratabsurround=\skip53
\backup@length=\skip54
)
(/usr/local/texlive/2014/texmf-dist/tex/latex/multirow/multirow.sty
\bigstrutjot=\dimen105
)
(/usr/local/texlive/2014/texmf-dist/tex/latex/amsmath/amsmath.sty
Package: amsmath 2013/01/14 v2.14 AMS math features
\@mathmargin=\skip55

For additional information on amsmath, use the `?' option.
(/usr/local/texlive/2014/texmf-dist/tex/latex/amsmath/amstext.sty
Package: amstext 2000/06/29 v2.01

(/usr/local/texlive/2014/texmf-dist/tex/latex/amsmath/amsgen.sty
File: amsgen.sty 1999/11/30 v2.0
\@emptytoks=\toks17
\ex@=\dimen106
))
(/usr/local/texlive/2014/texmf-dist/tex/latex/amsmath/amsbsy.sty
Package: amsbsy 1999/11/29 v1.2d
\pmbraise@=\dimen107
)
(/usr/local/texlive/2014/texmf-dist/tex/latex/amsmath/amsopn.sty
Package: amsopn 1999/12/14 v2.01 operator names
)
\inf@bad=\count90
LaTeX Info: Redefining \frac on input line 210.
\uproot@=\count91
\leftroot@=\count92
LaTeX Info: Redefining \overline on input line 306.
\classnum@=\count93
\DOTSCASE@=\count94
LaTeX Info: Redefining \ldots on input line 378.
LaTeX Info: Redefining \dots on input line 381.
LaTeX Info: Redefining \cdots on input line 466.
\Mathstrutbox@=\box27
\strutbox@=\box28
\big@size=\dimen108
LaTeX Font Info:    Redeclaring font encoding OML on input line 566.
LaTeX Font Info:    Redeclaring font encoding OMS on input line 567.
\macc@depth=\count95
\c@MaxMatrixCols=\count96
\dotsspace@=\muskip10
\c@parentequation=\count97
\dspbrk@lvl=\count98
\tag@help=\toks18
\row@=\count99
\column@=\count100
\maxfields@=\count101
\andhelp@=\toks19
\eqnshift@=\dimen109
\alignsep@=\dimen110
\tagshift@=\dimen111
\tagwidth@=\dimen112
\totwidth@=\dimen113
\lineht@=\dimen114
\@envbody=\toks20
\multlinegap=\skip56
\multlinetaggap=\skip57
\mathdisplay@stack=\toks21
LaTeX Info: Redefining \[ on input line 2665.
LaTeX Info: Redefining \] on input line 2666.
)
(/usr/local/texlive/2014/texmf-dist/tex/latex/amsfonts/amssymb.sty
Package: amssymb 2013/01/14 v3.01 AMS font symbols
)
(/usr/local/texlive/2014/texmf-dist/tex/latex/amscls/amsthm.sty
Package: amsthm 2004/08/06 v2.20
\thm@style=\toks22
\thm@bodyfont=\toks23
\thm@headfont=\toks24
\thm@notefont=\toks25
\thm@headpunct=\toks26
\thm@preskip=\skip58
\thm@postskip=\skip59
\thm@headsep=\skip60
\dth@everypar=\toks27
)
(/usr/local/texlive/2014/texmf-dist/tex/latex/graphics/graphicx.sty
Package: graphicx 2014/04/25 v1.0g Enhanced LaTeX Graphics (DPC,SPQR)

(/usr/local/texlive/2014/texmf-dist/tex/latex/graphics/graphics.sty
Package: graphics 2009/02/05 v1.0o Standard LaTeX Graphics (DPC,SPQR)

(/usr/local/texlive/2014/texmf-dist/tex/latex/graphics/trig.sty
Package: trig 1999/03/16 v1.09 sin cos tan (DPC)
)
(/usr/local/texlive/2014/texmf-dist/tex/latex/latexconfig/graphics.cfg
File: graphics.cfg 2010/04/23 v1.9 graphics configuration of TeX Live
)
Package graphics Info: Driver file: pdftex.def on input line 91.

(/usr/local/texlive/2014/texmf-dist/tex/latex/pdftex-def/pdftex.def
File: pdftex.def 2011/05/27 v0.06d Graphics/color for pdfTeX

(/usr/local/texlive/2014/texmf-dist/tex/generic/oberdiek/infwarerr.sty
Package: infwarerr 2010/04/08 v1.3 Providing info/warning/error messages (HO)
)
(/usr/local/texlive/2014/texmf-dist/tex/generic/oberdiek/ltxcmds.sty
Package: ltxcmds 2011/11/09 v1.22 LaTeX kernel commands for general use (HO)
)
\Gread@gobject=\count102
))
\Gin@req@height=\dimen115
\Gin@req@width=\dimen116
)
(/usr/local/texlive/2014/texmf-dist/tex/latex/tools/longtable.sty
Package: longtable 2004/02/01 v4.11 Multi-page Table package (DPC)
\LTleft=\skip61
\LTright=\skip62
\LTpre=\skip63
\LTpost=\skip64
\LTchunksize=\count103
\LTcapwidth=\dimen117
\LT@head=\box29
\LT@firsthead=\box30
\LT@foot=\box31
\LT@lastfoot=\box32
\LT@cols=\count104
\LT@rows=\count105
\c@LT@tables=\count106
\c@LT@chunks=\count107
\LT@p@ftn=\toks28
)
(/usr/local/texlive/2014/texmf-dist/tex/latex/booktabs/booktabs.sty
Package: booktabs 2005/04/14 v1.61803 publication quality tables
\heavyrulewidth=\dimen118
\lightrulewidth=\dimen119
\cmidrulewidth=\dimen120
\belowrulesep=\dimen121
\belowbottomsep=\dimen122
\aboverulesep=\dimen123
\abovetopsep=\dimen124
\cmidrulesep=\dimen125
\cmidrulekern=\dimen126
\defaultaddspace=\dimen127
\@cmidla=\count108
\@cmidlb=\count109
\@aboverulesep=\dimen128
\@belowrulesep=\dimen129
\@thisruleclass=\count110
\@lastruleclass=\count111
\@thisrulewidth=\dimen130
)
(/usr/local/texlive/2014/texmf-dist/tex/latex/threeparttable/threeparttable.sty
Package: threeparttable 2003/06/13  v 3.0
\@tempboxb=\box33
) (/usr/local/texlive/2014/texmf-dist/tex/latex/subfigure/subfigure.sty
Package: subfigure 2002/03/15 v2.1.5 subfigure package
\subfigtopskip=\skip65
\subfigcapskip=\skip66
\subfigcaptopadj=\dimen131
\subfigbottomskip=\skip67
\subfigcapmargin=\dimen132
\subfiglabelskip=\skip68
\c@subfigure=\count112
\c@lofdepth=\count113
\c@subtable=\count114
\c@lotdepth=\count115

****************************************
* Local config file subfigure.cfg used *
****************************************
(/usr/local/texlive/2014/texmf-dist/tex/latex/subfigure/subfigure.cfg)
\subfig@top=\skip69
\subfig@bottom=\skip70
)
(/usr/local/texlive/2014/texmf-dist/tex/latex/tools/enumerate.sty
Package: enumerate 1999/03/05 v3.00 enumerate extensions (DPC)
\@enLab=\toks29
)
(/usr/local/texlive/2014/texmf-dist/tex/latex/lastpage/lastpage.sty
Package: lastpage 2013/01/28 v1.2l Refers to last page's name (HMM; JPG)
)
(/usr/local/texlive/2014/texmf-dist/tex/latex/url/url.sty
\Urlmuskip=\muskip11
Package: url 2013/09/16  ver 3.4  Verb mode for urls, etc.
)
(/usr/local/texlive/2014/texmf-dist/tex/latex/jknapltx/mathrsfs.sty
Package: mathrsfs 1996/01/01 Math RSFS package v1.0 (jk)
\symrsfs=\mathgroup6
)
(/usr/local/texlive/2014/texmf-dist/tex/latex/cancel/cancel.sty
Package: cancel 2013/04/12 v2.2 Cancel math terms
)
(/usr/local/texlive/2014/texmf-dist/tex/latex/cite/cite.sty
LaTeX Info: Redefining \cite on input line 302.
LaTeX Info: Redefining \nocite on input line 373.
Package: cite 2010/09/10  v 5.3
)
(/usr/local/texlive/2014/texmf-dist/tex/latex/soul/soul.sty
Package: soul 2003/11/17 v2.4 letterspacing/underlining (mf)
\SOUL@word=\toks30
\SOUL@lasttoken=\toks31
\SOUL@cmds=\toks32
\SOUL@buffer=\toks33
\SOUL@token=\toks34
\SOUL@spaceskip=\skip71
\SOUL@ttwidth=\dimen133
\SOUL@uldp=\dimen134
\SOUL@ulht=\dimen135
)
(/usr/local/texlive/2014/texmf-dist/tex/latex/mnsymbol/MnSymbol.sty
Package: MnSymbol 2007/01/21 v1.4 support for the MnSymbol font

(/usr/local/texlive/2014/texmf-dist/tex/latex/base/textcomp.sty
Package: textcomp 2005/09/27 v1.99g Standard LaTeX package
Package textcomp Info: Sub-encoding information:
(textcomp)               5 = only ISO-Adobe without \textcurrency
(textcomp)               4 = 5 + \texteuro
(textcomp)               3 = 4 + \textohm
(textcomp)               2 = 3 + \textestimated + \textcurrency
(textcomp)               1 = TS1 - \textcircled - \t
(textcomp)               0 = TS1 (full)
(textcomp)             Font families with sub-encoding setting implement
(textcomp)             only a restricted character set as indicated.
(textcomp)             Family '?' is the default used for unknown fonts.
(textcomp)             See the documentation for details.
Package textcomp Info: Setting ? sub-encoding to TS1/1 on input line 71.

(/usr/local/texlive/2014/texmf-dist/tex/latex/base/ts1enc.def
File: ts1enc.def 2001/06/05 v3.0e (jk/car/fm) Standard LaTeX file
)
LaTeX Info: Redefining \oldstylenums on input line 266.
Package textcomp Info: Setting cmr sub-encoding to TS1/0 on input line 281.
Package textcomp Info: Setting cmss sub-encoding to TS1/0 on input line 282.
Package textcomp Info: Setting cmtt sub-encoding to TS1/0 on input line 283.
Package textcomp Info: Setting cmvtt sub-encoding to TS1/0 on input line 284.
Package textcomp Info: Setting cmbr sub-encoding to TS1/0 on input line 285.
Package textcomp Info: Setting cmtl sub-encoding to TS1/0 on input line 286.
Package textcomp Info: Setting ccr sub-encoding to TS1/0 on input line 287.
Package textcomp Info: Setting ptm sub-encoding to TS1/4 on input line 288.
Package textcomp Info: Setting pcr sub-encoding to TS1/4 on input line 289.
Package textcomp Info: Setting phv sub-encoding to TS1/4 on input line 290.
Package textcomp Info: Setting ppl sub-encoding to TS1/3 on input line 291.
Package textcomp Info: Setting pag sub-encoding to TS1/4 on input line 292.
Package textcomp Info: Setting pbk sub-encoding to TS1/4 on input line 293.
Package textcomp Info: Setting pnc sub-encoding to TS1/4 on input line 294.
Package textcomp Info: Setting pzc sub-encoding to TS1/4 on input line 295.
Package textcomp Info: Setting bch sub-encoding to TS1/4 on input line 296.
Package textcomp Info: Setting put sub-encoding to TS1/5 on input line 297.
Package textcomp Info: Setting uag sub-encoding to TS1/5 on input line 298.
Package textcomp Info: Setting ugq sub-encoding to TS1/5 on input line 299.
Package textcomp Info: Setting ul8 sub-encoding to TS1/4 on input line 300.
Package textcomp Info: Setting ul9 sub-encoding to TS1/4 on input line 301.
Package textcomp Info: Setting augie sub-encoding to TS1/5 on input line 302.
Package textcomp Info: Setting dayrom sub-encoding to TS1/3 on input line 303.
Package textcomp Info: Setting dayroms sub-encoding to TS1/3 on input line 304.

Package textcomp Info: Setting pxr sub-encoding to TS1/0 on input line 305.
Package textcomp Info: Setting pxss sub-encoding to TS1/0 on input line 306.
Package textcomp Info: Setting pxtt sub-encoding to TS1/0 on input line 307.
Package textcomp Info: Setting txr sub-encoding to TS1/0 on input line 308.
Package textcomp Info: Setting txss sub-encoding to TS1/0 on input line 309.
Package textcomp Info: Setting txtt sub-encoding to TS1/0 on input line 310.
Package textcomp Info: Setting lmr sub-encoding to TS1/0 on input line 311.
Package textcomp Info: Setting lmdh sub-encoding to TS1/0 on input line 312.
Package textcomp Info: Setting lmss sub-encoding to TS1/0 on input line 313.
Package textcomp Info: Setting lmssq sub-encoding to TS1/0 on input line 314.
Package textcomp Info: Setting lmvtt sub-encoding to TS1/0 on input line 315.
Package textcomp Info: Setting qhv sub-encoding to TS1/0 on input line 316.
Package textcomp Info: Setting qag sub-encoding to TS1/0 on input line 317.
Package textcomp Info: Setting qbk sub-encoding to TS1/0 on input line 318.
Package textcomp Info: Setting qcr sub-encoding to TS1/0 on input line 319.
Package textcomp Info: Setting qcs sub-encoding to TS1/0 on input line 320.
Package textcomp Info: Setting qpl sub-encoding to TS1/0 on input line 321.
Package textcomp Info: Setting qtm sub-encoding to TS1/0 on input line 322.
Package textcomp Info: Setting qzc sub-encoding to TS1/0 on input line 323.
Package textcomp Info: Setting qhvc sub-encoding to TS1/0 on input line 324.
Package textcomp Info: Setting futs sub-encoding to TS1/4 on input line 325.
Package textcomp Info: Setting futx sub-encoding to TS1/4 on input line 326.
Package textcomp Info: Setting futj sub-encoding to TS1/4 on input line 327.
Package textcomp Info: Setting hlh sub-encoding to TS1/3 on input line 328.
Package textcomp Info: Setting hls sub-encoding to TS1/3 on input line 329.
Package textcomp Info: Setting hlst sub-encoding to TS1/3 on input line 330.
Package textcomp Info: Setting hlct sub-encoding to TS1/5 on input line 331.
Package textcomp Info: Setting hlx sub-encoding to TS1/5 on input line 332.
Package textcomp Info: Setting hlce sub-encoding to TS1/5 on input line 333.
Package textcomp Info: Setting hlcn sub-encoding to TS1/5 on input line 334.
Package textcomp Info: Setting hlcw sub-encoding to TS1/5 on input line 335.
Package textcomp Info: Setting hlcf sub-encoding to TS1/5 on input line 336.
Package textcomp Info: Setting pplx sub-encoding to TS1/3 on input line 337.
Package textcomp Info: Setting pplj sub-encoding to TS1/3 on input line 338.
Package textcomp Info: Setting ptmx sub-encoding to TS1/4 on input line 339.
Package textcomp Info: Setting ptmj sub-encoding to TS1/4 on input line 340.
)
LaTeX Info: Redefining \dagger on input line 84.
LaTeX Info: Redefining \ddagger on input line 84.
LaTeX Info: Redefining \mathparagraph on input line 84.
LaTeX Info: Redefining \mathsection on input line 84.
LaTeX Info: Redefining \mathdollar on input line 84.
LaTeX Info: Redefining \mathsterling on input line 84.
LaTeX Info: Redefining \yen on input line 84.
LaTeX Info: Redefining \circledR on input line 84.
LaTeX Info: Redefining \circledS on input line 84.
LaTeX Info: Redefining \Re on input line 84.
LaTeX Info: Redefining \Im on input line 84.
LaTeX Info: Redefining \dotplus on input line 84.
LaTeX Info: Redefining \thicksim on input line 84.
LaTeX Info: Redefining \thickapprox on input line 84.
LaTeX Info: Redefining \veebar on input line 84.
LaTeX Info: Redefining \barwedge on input line 84.
LaTeX Info: Redefining \doublebarwedge on input line 84.
LaTeX Info: Redefining \centerdot on input line 84.
LaTeX Info: Redefining \divideontimes on input line 84.
\symMnSyA=\mathgroup7
\symMnSyB=\mathgroup8
\symMnSyC=\mathgroup9
\symMnSyD=\mathgroup10
LaTeX Font Info:    Redeclaring symbol font `largesymbols' on input line 119.
LaTeX Font Info:    Overwriting symbol font `largesymbols' in version `normal'
(Font)                  OMX/cmex/m/n --> OMX/MnSymbolE/m/n on input line 119.
LaTeX Font Info:    Overwriting symbol font `largesymbols' in version `bold'
(Font)                  OMX/cmex/m/n --> OMX/MnSymbolE/m/n on input line 119.
LaTeX Font Info:    Redeclaring symbol font `symbols' on input line 120.
LaTeX Font Info:    Encoding `OMS' has changed to `U' for symbol font
(Font)              `symbols' in the math version `normal' on input line 120.
LaTeX Font Info:    Overwriting symbol font `symbols' in version `normal'
(Font)                  OMS/cmsy/m/n --> U/MnSymbolF/m/n on input line 120.
LaTeX Font Info:    Encoding `OMS' has changed to `U' for symbol font
(Font)              `symbols' in the math version `bold' on input line 120.
LaTeX Font Info:    Overwriting symbol font `symbols' in version `bold'
(Font)                  OMS/cmsy/b/n --> U/MnSymbolF/m/n on input line 120.
LaTeX Font Info:    Overwriting symbol font `MnSyA' in version `bold'
(Font)                  U/MnSymbolA/m/n --> U/MnSymbolA/b/n on input line 121.
LaTeX Font Info:    Overwriting symbol font `MnSyB' in version `bold'
(Font)                  U/MnSymbolB/m/n --> U/MnSymbolB/b/n on input line 122.
LaTeX Font Info:    Overwriting symbol font `MnSyC' in version `bold'
(Font)                  U/MnSymbolC/m/n --> U/MnSymbolC/b/n on input line 123.
LaTeX Font Info:    Overwriting symbol font `MnSyD' in version `bold'
(Font)                  U/MnSymbolD/m/n --> U/MnSymbolD/b/n on input line 124.
LaTeX Font Info:    Overwriting symbol font `largesymbols' in version `bold'
(Font)                  OMX/MnSymbolE/m/n --> OMX/MnSymbolE/b/n on input line 1
25.
LaTeX Font Info:    Overwriting symbol font `symbols' in version `bold'
(Font)                  U/MnSymbolF/m/n --> U/MnSymbolF/b/n on input line 126.
LaTeX Font Info:    Redeclaring math alphabet \mathcal on input line 241.
LaTeX Font Info:    Overwriting math alphabet `\mathcal' in version `bold'
(Font)                  OMS/MnSymbolS/m/n --> OMS/MnSymbolS/b/n on input line 2
41.
LaTeX Info: Redefining \longrightarrow on input line 548.
LaTeX Info: Redefining \longleftarrow on input line 549.
LaTeX Info: Redefining \longleftrightarrow on input line 550.
LaTeX Info: Redefining \Longrightarrow on input line 551.
LaTeX Info: Redefining \Longleftarrow on input line 552.
LaTeX Info: Redefining \Longleftrightarrow on input line 553.
LaTeX Info: Redefining \longmapsto on input line 554.
LaTeX Info: Redefining \vdots on input line 868.
LaTeX Font Info:    Redeclaring math symbol \braceld on input line 1721.
LaTeX Font Info:    Redeclaring math symbol \bracelu on input line 1722.
LaTeX Font Info:    Redeclaring math symbol \bracerd on input line 1723.
LaTeX Font Info:    Redeclaring math symbol \braceru on input line 1724.
LaTeX Info: Redefining \downbracefill on input line 1799.
LaTeX Info: Redefining \upbracefill on input line 1800.
LaTeX Info: Redefining \overbrace on input line 1819.
LaTeX Info: Redefining \underbrace on input line 1820.
LaTeX Info: Redefining \surd on input line 1843.
LaTeX Font Info:    Redeclaring math accent \widehat on input line 1845.
LaTeX Font Info:    Redeclaring math accent \widetilde on input line 1846.
LaTeX Font Info:    Redeclaring math accent \vec on input line 1848.
)
(/usr/local/texlive/2014/texmf-dist/tex/latex/algorithms/algorithm.sty
Package: algorithm 2009/08/24 v0.1 Document Style `algorithm' - floating enviro
nment

(/usr/local/texlive/2014/texmf-dist/tex/latex/float/float.sty
Package: float 2001/11/08 v1.3d Float enhancements (AL)
\c@float@type=\count116
\float@exts=\toks35
\float@box=\box34
\@float@everytoks=\toks36
\@floatcapt=\box35
)
(/usr/local/texlive/2014/texmf-dist/tex/latex/base/ifthen.sty
Package: ifthen 2001/05/26 v1.1c Standard LaTeX ifthen package (DPC)
)
\@float@every@algorithm=\toks37
\c@algorithm=\count117
)
(/usr/local/texlive/2014/texmf-dist/tex/latex/algorithms/algorithmic.sty
Package: algorithmic 2009/08/24 v0.1 Document Style `algorithmic'
\c@ALC@unique=\count118
\c@ALC@line=\count119
\c@ALC@rem=\count120
\c@ALC@depth=\count121
\ALC@tlm=\skip72
\algorithmicindent=\skip73
)
(/usr/local/texlive/2014/texmf-dist/tex/latex/graphics/color.sty
Package: color 2014/04/23 v1.1a Standard LaTeX Color (DPC)

(/usr/local/texlive/2014/texmf-dist/tex/latex/latexconfig/color.cfg
File: color.cfg 2007/01/18 v1.5 color configuration of teTeX/TeXLive
)
Package color Info: Driver file: pdftex.def on input line 137.
)
(/usr/local/texlive/2014/texmf-dist/tex/latex/footmisc/footmisc.sty
Package: footmisc 2011/06/06 v5.5b a miscellany of footnote facilities
\FN@temptoken=\toks38
\footnotemargin=\dimen136


LaTeX Warning: Command \@makecol  has changed.
               Check if current package is valid.

\FN@tempboxb=\box36
\FN@tempboxc=\box37
\footglue=\skip74
\footnotebaselineskip=\dimen137
\c@pp@next@reset=\count122
Package footmisc Info: Declaring symbol style bringhurst on input line 855.
Package footmisc Info: Declaring symbol style chicago on input line 863.
Package footmisc Info: Declaring symbol style wiley on input line 872.
Package footmisc Info: Declaring symbol style lamport-robust on input line 883.

Package footmisc Info: Declaring symbol style lamport* on input line 903.
Package footmisc Info: Declaring symbol style lamport*-robust on input line 924
.
) (./Diabetic_Retinopathy.aux)
\openout1 = `Diabetic_Retinopathy.aux'.

LaTeX Font Info:    Checking defaults for OML/cmm/m/it on input line 65.
LaTeX Font Info:    ... okay on input line 65.
LaTeX Font Info:    Checking defaults for T1/cmr/m/n on input line 65.
LaTeX Font Info:    ... okay on input line 65.
LaTeX Font Info:    Checking defaults for OT1/cmr/m/n on input line 65.
LaTeX Font Info:    ... okay on input line 65.
LaTeX Font Info:    Checking defaults for OMS/cmsy/m/n on input line 65.
LaTeX Font Info:    ... okay on input line 65.
LaTeX Font Info:    Checking defaults for OMX/cmex/m/n on input line 65.
LaTeX Font Info:    ... okay on input line 65.
LaTeX Font Info:    Checking defaults for U/cmr/m/n on input line 65.
LaTeX Font Info:    ... okay on input line 65.
LaTeX Font Info:    Checking defaults for TS1/cmr/m/n on input line 65.
LaTeX Font Info:    Try loading font information for TS1+cmr on input line 65.

(/usr/local/texlive/2014/texmf-dist/tex/latex/base/ts1cmr.fd
File: ts1cmr.fd 1999/05/25 v2.5h Standard LaTeX font definitions
)
LaTeX Font Info:    ... okay on input line 65.

(/usr/local/texlive/2014/texmf-dist/tex/context/base/supp-pdf.mkii
[Loading MPS to PDF converter (version 2006.09.02).]
\scratchcounter=\count123
\scratchdimen=\dimen138
\scratchbox=\box38
\nofMPsegments=\count124
\nofMParguments=\count125
\everyMPshowfont=\toks39
\MPscratchCnt=\count126
\MPscratchDim=\dimen139
\MPnumerator=\count127
\makeMPintoPDFobject=\count128
\everyMPtoPDFconversion=\toks40
) (/usr/local/texlive/2014/texmf-dist/tex/generic/oberdiek/pdftexcmds.sty
Package: pdftexcmds 2011/11/29 v0.20 Utility functions of pdfTeX for LuaTeX (HO
)

(/usr/local/texlive/2014/texmf-dist/tex/generic/oberdiek/ifluatex.sty
Package: ifluatex 2010/03/01 v1.3 Provides the ifluatex switch (HO)
Package ifluatex Info: LuaTeX not detected.
)
(/usr/local/texlive/2014/texmf-dist/tex/generic/oberdiek/ifpdf.sty
Package: ifpdf 2011/01/30 v2.3 Provides the ifpdf switch (HO)
Package ifpdf Info: pdfTeX in PDF mode is detected.
)
Package pdftexcmds Info: LuaTeX not detected.
Package pdftexcmds Info: \pdf@primitive is available.
Package pdftexcmds Info: \pdf@ifprimitive is available.
Package pdftexcmds Info: \pdfdraftmode found.
)
(/usr/local/texlive/2014/texmf-dist/tex/latex/oberdiek/epstopdf-base.sty
Package: epstopdf-base 2010/02/09 v2.5 Base part for package epstopdf

(/usr/local/texlive/2014/texmf-dist/tex/latex/oberdiek/grfext.sty
Package: grfext 2010/08/19 v1.1 Manage graphics extensions (HO)

(/usr/local/texlive/2014/texmf-dist/tex/generic/oberdiek/kvdefinekeys.sty
Package: kvdefinekeys 2011/04/07 v1.3 Define keys (HO)
))
(/usr/local/texlive/2014/texmf-dist/tex/latex/oberdiek/kvoptions.sty
Package: kvoptions 2011/06/30 v3.11 Key value format for package options (HO)

(/usr/local/texlive/2014/texmf-dist/tex/generic/oberdiek/kvsetkeys.sty
Package: kvsetkeys 2012/04/25 v1.16 Key value parser (HO)

(/usr/local/texlive/2014/texmf-dist/tex/generic/oberdiek/etexcmds.sty
Package: etexcmds 2011/02/16 v1.5 Avoid name clashes with e-TeX commands (HO)
Package etexcmds Info: Could not find \expanded.
(etexcmds)             That can mean that you are not using pdfTeX 1.50 or
(etexcmds)             that some package has redefined \expanded.
(etexcmds)             In the latter case, load this package earlier.
)))
Package grfext Info: Graphics extension search list:
(grfext)             [.png,.pdf,.jpg,.mps,.jpeg,.jbig2,.jb2,.PNG,.PDF,.JPG,.JPE
G,.JBIG2,.JB2,.eps]
(grfext)             \AppendGraphicsExtensions on input line 452.

(/usr/local/texlive/2014/texmf-dist/tex/latex/latexconfig/epstopdf-sys.cfg
File: epstopdf-sys.cfg 2010/07/13 v1.3 Configuration of (r)epstopdf for TeX Liv
e
))
Package lastpage Info: Please have a look at the pageslts package at
(lastpage)             http://www.ctan.org/tex-archive/ 
(lastpage)             macros/latex/contrib/pageslts/ 
(lastpage)             or
(lastpage)             http://www.ctan.org/tex-archive/ 
(lastpage)             install/macros/latex/contrib/pageslts.tds.zip
(lastpage)             ! on input line 65.
LaTeX Font Info:    Try loading font information for U+msa on input line 67.

(/usr/local/texlive/2014/texmf-dist/tex/latex/amsfonts/umsa.fd
File: umsa.fd 2013/01/14 v3.01 AMS symbols A
)
LaTeX Font Info:    Try loading font information for U+msb on input line 67.

(/usr/local/texlive/2014/texmf-dist/tex/latex/amsfonts/umsb.fd
File: umsb.fd 2013/01/14 v3.01 AMS symbols B
)
LaTeX Font Info:    Try loading font information for U+rsfs on input line 67.

(/usr/local/texlive/2014/texmf-dist/tex/latex/jknapltx/ursfs.fd
File: ursfs.fd 1998/03/24 rsfs font definition file (jk)
)
(./Diabetic_Retinopathy.toc)
\tf@toc=\write4
\openout4 = `Diabetic_Retinopathy.toc'.

 [1

{/usr/local/texlive/2014/texmf-var/fonts/map/pdftex/updmap/pdftex.map}]
<images/illustration.png, id=14, 441.65pt x 331.2375pt>
File: images/illustration.png Graphic file (type png)

<use images/illustration.png>
Package pdftex.def Info: images/illustration.png used on input line 83.
(pdftex.def)             Requested size: 264.99203pt x 198.74402pt.

<images/0_Level_Example.jpeg, id=16, 4769.82pt x 3179.88pt>
File: images/0_Level_Example.jpeg Graphic file (type jpg)

<use images/0_Level_Example.jpeg>
Package pdftex.def Info: images/0_Level_Example.jpeg used on input line 95.
(pdftex.def)             Requested size: 166.96075pt x 111.30717pt.

<images/4_Level_Example.jpeg, id=17, 3902.58pt x 2601.72pt>
File: images/4_Level_Example.jpeg Graphic file (type jpg)

<use images/4_Level_Example.jpeg>
Package pdftex.def Info: images/4_Level_Example.jpeg used on input line 97.
(pdftex.def)             Requested size: 165.84256pt x 110.5617pt.
 [2 <./images/illustration.png>]
<images/lena.png, id=23, 4075.225pt x 1501.61pt>
File: images/lena.png Graphic file (type png)
 <use images/lena.png>
Package pdftex.def Info: images/lena.png used on input line 123.
(pdftex.def)             Requested size: 407.54637pt x 150.1698pt.
 [3 <./images/0_Level_Example.jpeg> <./images/4_Level_Example.jpeg>]
<images/convolution.png, id=35, 653.44125pt x 362.35374pt>
File: images/convolution.png Graphic file (type png)

<use images/convolution.png>
Package pdftex.def Info: images/convolution.png used on input line 144.
(pdftex.def)             Requested size: 457.40576pt x 253.64589pt.

<images/maxpool.png, id=36, 466.74374pt x 320.19624pt>
File: images/maxpool.png Graphic file (type png)

<use images/maxpool.png>
Package pdftex.def Info: images/maxpool.png used on input line 158.
(pdftex.def)             Requested size: 280.0484pt x 192.11922pt.

<images/nn_edit.png, id=37, 418.56375pt x 332.24126pt>
File: images/nn_edit.png Graphic file (type png)

<use images/nn_edit.png>
Package pdftex.def Info: images/nn_edit.png used on input line 172.
(pdftex.def)             Requested size: 209.28136pt x 166.12021pt.
 [4 <./images/lena.png>] [5 <./images/convolution.png> <./images/maxpool.png>]
<images/TanhFunction.pdf, id=47, 481.63115pt x 378.23749pt>
File: images/TanhFunction.pdf Graphic file (type pdf)

<use images/TanhFunction.pdf>
Package pdftex.def Info: images/TanhFunction.pdf used on input line 203.
(pdftex.def)             Requested size: 216.73201pt x 170.20529pt.

<images/SigFunction.pdf, id=48, 481.63106pt x 380.85506pt>
File: images/SigFunction.pdf Graphic file (type pdf)

<use images/SigFunction.pdf>
Package pdftex.def Info: images/SigFunction.pdf used on input line 205.
(pdftex.def)             Requested size: 216.73196pt x 171.3832pt.
 <images/reLu.png, id=49, 578.16pt x 433.62pt>
File: images/reLu.png Graphic file (type png)

<use images/reLu.png>
Package pdftex.def Info: images/reLu.png used on input line 207.
(pdftex.def)             Requested size: 260.16959pt x 195.1272pt.
 [6 <./images/nn_edit.png>] [7 <./images/TanhFunction.pdf> <./images/SigFunctio
n.pdf> <./images/reLu.png>]
<images/summaryNN.png, id=87, 375.4025pt x 361.35pt>
File: images/summaryNN.png Graphic file (type png)

<use images/summaryNN.png>
Package pdftex.def Info: images/summaryNN.png used on input line 234.
(pdftex.def)             Requested size: 225.24323pt x 216.81168pt.
 [8 <./images/summaryNN.png>]
<images/lInitialImages_gray.png, id=94, 578.16pt x 433.62pt>
File: images/lInitialImages_gray.png Graphic file (type png)

<use images/lInitialImages_gray.png>
Package pdftex.def Info: images/lInitialImages_gray.png used on input line 270.

(pdftex.def)             Requested size: 289.07928pt x 216.80946pt.

<images/png_format.png, id=95, 256.96pt x 256.96pt>
File: images/png_format.png Graphic file (type png)

<use images/png_format.png>
Package pdftex.def Info: images/png_format.png used on input line 280.
(pdftex.def)             Requested size: 192.71951pt x 192.71951pt.
 [9] [10 <./images/lInitialImages_gray.png> <./images/png_format.png>] <images/
FullSample.png, id=105, 1176.5556pt x 447.3513pt>
File: images/FullSample.png Graphic file (type png)

<use images/FullSample.png>
Package pdftex.def Info: images/FullSample.png used on input line 290.
(pdftex.def)             Requested size: 294.13818pt x 111.83754pt.

<images/After_filtering.png, id=106, 1250.271pt x 533.3526pt>
File: images/After_filtering.png Graphic file (type png)

<use images/After_filtering.png>
Package pdftex.def Info: images/After_filtering.png used on input line 300.
(pdftex.def)             Requested size: 312.56699pt x 133.33781pt.

<images/Part1.png, id=107, 346.29375pt x 658.71094pt>
File: images/Part1.png Graphic file (type png)
 <use images/Part1.png>
Package pdftex.def Info: images/Part1.png used on input line 312.
(pdftex.def)             Requested size: 86.57321pt x 164.67732pt.

<images/Part2.png, id=108, 361.35pt x 571.38469pt>
File: images/Part2.png Graphic file (type png)
 <use images/Part2.png>
Package pdftex.def Info: images/Part2.png used on input line 313.
(pdftex.def)             Requested size: 90.33728pt x 142.84581pt.

<images/Part3.png, id=109, 400.49625pt x 555.57562pt>
File: images/Part3.png Graphic file (type png)
 <use images/Part3.png>
Package pdftex.def Info: images/Part3.png used on input line 314.
(pdftex.def)             Requested size: 100.12381pt x 138.89355pt.

<images/Part4.png, id=110, 294.34969pt x 660.21657pt>
File: images/Part4.png Graphic file (type png)
 <use images/Part4.png>
Package pdftex.def Info: images/Part4.png used on input line 315.
(pdftex.def)             Requested size: 73.58723pt x 165.05373pt.

<images/Part5.png, id=111, 432.11438pt x 381.67593pt>
File: images/Part5.png Graphic file (type png)
 <use images/Part5.png>
Package pdftex.def Info: images/Part5.png used on input line 316.
(pdftex.def)             Requested size: 86.42134pt x 76.33383pt.

[11 <./images/FullSample.png> <./images/After_filtering.png>]
<images/Normalized_DR0_DR4.png, id=118, 459.7175pt x 344.28625pt>
File: images/Normalized_DR0_DR4.png Graphic file (type png)

<use images/Normalized_DR0_DR4.png>
Package pdftex.def Info: images/Normalized_DR0_DR4.png used on input line 336.
(pdftex.def)             Requested size: 229.85818pt x 172.1427pt.

<images/Certainty_DR0_DR4.png, id=119, 656.4525pt x 492.84125pt>
File: images/Certainty_DR0_DR4.png Graphic file (type png)

<use images/Certainty_DR0_DR4.png>
Package pdftex.def Info: images/Certainty_DR0_DR4.png used on input line 346.
(pdftex.def)             Requested size: 328.22545pt x 246.42001pt.
 [12 <./images/Part1.png> <./images/Part2.png> <./images/Part3.png> <./images/P
art4.png> <./images/Part5.png>] [13 <./images/Normalized_DR0_DR4.png> <./images
/Certainty_DR0_DR4.png>]
<images/Normalized_CM_DR0_DR3_4.png, id=130, 658.46pt x 493.845pt>
File: images/Normalized_CM_DR0_DR3_4.png Graphic file (type png)

<use images/Normalized_CM_DR0_DR3_4.png>
Package pdftex.def Info: images/Normalized_CM_DR0_DR3_4.png used on input line 
358.
(pdftex.def)             Requested size: 230.46445pt x 172.84833pt.

<images/C_DR0_DR3_4.png, id=131, 602.25pt x 451.6875pt>
File: images/C_DR0_DR3_4.png Graphic file (type png)

<use images/C_DR0_DR3_4.png>
Package pdftex.def Info: images/C_DR0_DR3_4.png used on input line 359.
(pdftex.def)             Requested size: 210.79065pt x 158.09299pt.

<images/Normalized_CM_DR0_DR+.png, id=132, 650.43pt x 487.8225pt>
File: images/Normalized_CM_DR0_DR+.png Graphic file (type png)

<use images/Normalized_CM_DR0_DR+.png>
Package pdftex.def Info: images/Normalized_CM_DR0_DR+.png used on input line 37
3.
(pdftex.def)             Requested size: 227.6539pt x 170.74043pt.

<images/C_DR0_DR+.png, id=133, 611.28375pt x 457.71pt>
File: images/C_DR0_DR+.png Graphic file (type png)

<use images/C_DR0_DR+.png>
Package pdftex.def Info: images/C_DR0_DR+.png used on input line 374.
(pdftex.def)             Requested size: 213.95251pt x 160.2009pt.
 [14 <./images/Normalized_CM_DR0_DR3_4.png> <./images/C_DR0_DR3_4.png> <./image
s/Normalized_CM_DR0_DR+.png> <./images/C_DR0_DR+.png>] <images/Normalized_CM.pn
g, id=141, 625.33624pt x 469.755pt>
File: images/Normalized_CM.png Graphic file (type png)

<use images/Normalized_CM.png>
Package pdftex.def Info: images/Normalized_CM.png used on input line 388.
(pdftex.def)             Requested size: 218.87096pt x 164.41672pt.
 <images/C.png, id=142, 670.505pt x 501.875pt>
File: images/C.png Graphic file (type png)

<use images/C.png>
Package pdftex.def Info: images/C.png used on input line 389.
(pdftex.def)             Requested size: 234.68027pt x 175.65887pt.
 <images/Level0_Top4.png, id=143, 849.1725pt x 526.96875pt>
File: images/Level0_Top4.png Graphic file (type png)

<use images/Level0_Top4.png>
Package pdftex.def Info: images/Level0_Top4.png used on input line 399.
(pdftex.def)             Requested size: 424.5852pt x 263.48372pt.

<images/Level1_Top4.png, id=144, 805.0075pt x 529.98pt>
File: images/Level1_Top4.png Graphic file (type png)

<use images/Level1_Top4.png>
Package pdftex.def Info: images/Level1_Top4.png used on input line 407.
(pdftex.def)             Requested size: 402.50278pt x 264.98933pt.

<images/Level2_Top4.png, id=145, 870.25125pt x 526.96875pt>
File: images/Level2_Top4.png Graphic file (type png)

<use images/Level2_Top4.png>
Package pdftex.def Info: images/Level2_Top4.png used on input line 415.
(pdftex.def)             Requested size: 435.12456pt x 263.48372pt.

<images/Level3_Top4.png, id=146, 803.0pt x 524.96124pt>
File: images/Level3_Top4.png Graphic file (type png)

<use images/Level3_Top4.png>
Package pdftex.def Info: images/Level3_Top4.png used on input line 423.
(pdftex.def)             Requested size: 401.49902pt x 262.47998pt.

<images/Level4_Top4.png, id=147, 813.0375pt x 525.965pt>
File: images/Level4_Top4.png Graphic file (type png)

<use images/Level4_Top4.png>
Package pdftex.def Info: images/Level4_Top4.png used on input line 431.
(pdftex.def)             Requested size: 406.51776pt x 262.98184pt.
 [15 <./images/Normalized_CM.png> <./images/C.png>] [16 <./images/Level0_Top4.p
ng> <./images/Level1_Top4.png>] [17 <./images/Level2_Top4.png> <./images/Level3
_Top4.png>] [18 <./images/Level4_Top4.png>]
(./Diabetic_Retinopathy.bbl
Underfull \hbox (badness 1789) in paragraph at lines 12--14
[]\OT1/cmr/m/n/12 Diabetic Retinopa-thy Wiki En-try.  $\OT1/cmtt/m/n/12 http : 
/ / en . wikipedia . org / wiki / Diabetic _
 []

Missing character: There is no â in font cmr12!
Missing character: There is no € in font cmr12!
Missing character: There is no “ in font cmr12!

Underfull \hbox (badness 2781) in paragraph at lines 25--28
[]\OT1/cmr/m/n/12 IEEE Com-puter So-ci-ety.  $\OT1/cmtt/m/n/12 http : / / www .
 computer . org / csdl / trans / tc / 2013 / 04 /
 []


Underfull \hbox (badness 10000) in paragraph at lines 34--37
[]\OT1/cmr/m/n/12 wikiBooks: Ar-ti-fi-cial Neu-ral Net-works.  $\OT1/cmtt/m/n/1
2 http : / / en . wikibooks . org / wiki /
 []

) 
AED: lastpage setting LastPage
[19] (./Diabetic_Retinopathy.aux) ) 
Here is how much of TeX's memory you used:
 6192 strings out of 493117
 86074 string characters out of 6135433
 132515 words of memory out of 5000000
 9441 multiletter control sequences out of 15000+600000
 28445 words of font info for 102 fonts, out of 8000000 for 9000
 1141 hyphenation exceptions out of 8191
 38i,13n,43p,1087b,311s stack positions out of 5000i,500n,10000p,200000b,80000s
{/usr/local/texlive/2014/texmf-dist/fonts/en
c/dvips/mnsymbol/MnSymbolE.enc}{/usr/local/texlive/2014/texmf-dist/fonts/enc/dv
ips/mnsymbol/MnSymbolD.enc}{/usr/local/texlive/2014/texmf-dist/fonts/enc/dvips/
mnsymbol/MnSymbolF.enc}{/usr/local/texlive/2014/texmf-dist/fonts/enc/dvips/mnsy
mbol/MnSymbolC.enc}{/usr/local/texlive/2014/texmf-dist/fonts/enc/dvips/cm-super
/cm-super-ts1.enc}</usr/local/texlive/2014/texmf-dist/fonts/type1/public/mnsymb
ol/MnSymbol12.pfb></usr/local/texlive/2014/texmf-dist/fonts/type1/public/mnsymb
ol/MnSymbol8.pfb></usr/local/texlive/2014/texmf-dist/fonts/type1/public/amsfont
s/cm/cmbx10.pfb></usr/local/texlive/2014/texmf-dist/fonts/type1/public/amsfonts
/cm/cmbx12.pfb></usr/local/texlive/2014/texmf-dist/fonts/type1/public/amsfonts/
cm/cmbxti10.pfb></usr/local/texlive/2014/texmf-dist/fonts/type1/public/amsfonts
/cm/cmmi12.pfb></usr/local/texlive/2014/texmf-dist/fonts/type1/public/amsfonts/
cm/cmmi6.pfb></usr/local/texlive/2014/texmf-dist/fonts/type1/public/amsfonts/cm
/cmmi8.pfb></usr/local/texlive/2014/texmf-dist/fonts/type1/public/amsfonts/cm/c
mr10.pfb></usr/local/texlive/2014/texmf-dist/fonts/type1/public/amsfonts/cm/cmr
12.pfb></usr/local/texlive/2014/texmf-dist/fonts/type1/public/amsfonts/cm/cmr17
.pfb></usr/local/texlive/2014/texmf-dist/fonts/type1/public/amsfonts/cm/cmr8.pf
b></usr/local/texlive/2014/texmf-dist/fonts/type1/public/amsfonts/cm/cmssbx10.p
fb></usr/local/texlive/2014/texmf-dist/fonts/type1/public/amsfonts/cm/cmti12.pf
b></usr/local/texlive/2014/texmf-dist/fonts/type1/public/amsfonts/cm/cmtt12.pfb
></usr/local/texlive/2014/texmf-dist/fonts/type1/public/cm-super/sfrm0700.pfb><
/usr/local/texlive/2014/texmf-dist/fonts/type1/public/cm-super/sfrm1000.pfb>
Output written on Diabetic_Retinopathy.pdf (19 pages, 7221426 bytes).
PDF statistics:
 236 PDF objects out of 1000 (max. 8388607)
 133 compressed objects within 2 object streams
 0 named destinations out of 1000 (max. 500000)
 166 words of extra memory for PDF output out of 10000 (max. 10000000)

